2016-08-05 21:34:34.803  INFO 4584 --- [main] spring.boot.Application                  : Starting Application on varshika-netboo with PID 4584 (C:\Users\varshika\git\tutorials\boot-sample\target\classes started by varshika in C:\Users\varshika\git\tutorials\boot-sample)
2016-08-05 21:34:34.811  INFO 4584 --- [main] spring.boot.Application                  : No active profile set, falling back to default profiles: default
2016-08-05 21:34:34.943  INFO 4584 --- [main] ationConfigEmbeddedWebApplicationContext : Refreshing org.springframework.boot.context.embedded.AnnotationConfigEmbeddedWebApplicationContext@3d0f8e03: startup date [Fri Aug 05 21:34:34 IST 2016]; root of context hierarchy
2016-08-05 21:34:37.050  INFO 4584 --- [main] o.s.b.f.s.DefaultListableBeanFactory     : Overriding bean definition for bean 'beanNameViewResolver' with a different definition: replacing [Root bean: class [null]; scope=; abstract=false; lazyInit=false; autowireMode=3; dependencyCheck=0; autowireCandidate=true; primary=false; factoryBeanName=org.springframework.boot.autoconfigure.web.ErrorMvcAutoConfiguration$WhitelabelErrorViewConfiguration; factoryMethodName=beanNameViewResolver; initMethodName=null; destroyMethodName=(inferred); defined in class path resource [org/springframework/boot/autoconfigure/web/ErrorMvcAutoConfiguration$WhitelabelErrorViewConfiguration.class]] with [Root bean: class [null]; scope=; abstract=false; lazyInit=false; autowireMode=3; dependencyCheck=0; autowireCandidate=true; primary=false; factoryBeanName=org.springframework.boot.autoconfigure.web.WebMvcAutoConfiguration$WebMvcAutoConfigurationAdapter; factoryMethodName=beanNameViewResolver; initMethodName=null; destroyMethodName=(inferred); defined in class path resource [org/springframework/boot/autoconfigure/web/WebMvcAutoConfiguration$WebMvcAutoConfigurationAdapter.class]]
2016-08-05 21:34:37.233  INFO 4584 --- [main] o.s.b.f.s.DefaultListableBeanFactory     : Overriding bean definition for bean 'managementServletContext' with a different definition: replacing [Root bean: class [null]; scope=; abstract=false; lazyInit=false; autowireMode=3; dependencyCheck=0; autowireCandidate=true; primary=false; factoryBeanName=org.springframework.boot.actuate.autoconfigure.EndpointWebMvcHypermediaManagementContextConfiguration; factoryMethodName=managementServletContext; initMethodName=null; destroyMethodName=(inferred); defined in class path resource [org/springframework/boot/actuate/autoconfigure/EndpointWebMvcHypermediaManagementContextConfiguration.class]] with [Root bean: class [null]; scope=; abstract=false; lazyInit=false; autowireMode=3; dependencyCheck=0; autowireCandidate=true; primary=false; factoryBeanName=org.springframework.boot.actuate.autoconfigure.EndpointWebMvcAutoConfiguration; factoryMethodName=managementServletContext; initMethodName=null; destroyMethodName=(inferred); defined in class path resource [org/springframework/boot/actuate/autoconfigure/EndpointWebMvcAutoConfiguration.class]]
2016-08-05 21:34:39.298  INFO 4584 --- [main] s.b.c.e.t.TomcatEmbeddedServletContainer : Tomcat initialized with port(s): 8080 (http)
2016-08-05 21:34:39.329  INFO 4584 --- [main] o.apache.catalina.core.StandardService   : Starting service Tomcat
2016-08-05 21:34:39.332  INFO 4584 --- [main] org.apache.catalina.core.StandardEngine  : Starting Servlet Engine: Apache Tomcat/8.0.32
2016-08-05 21:34:39.559  INFO 4584 --- [localhost-startStop-1] o.a.c.c.C.[.[localhost].[/planets]       : Initializing Spring embedded WebApplicationContext
2016-08-05 21:34:39.560  INFO 4584 --- [localhost-startStop-1] o.s.web.context.ContextLoader            : Root WebApplicationContext: initialization completed in 4627 ms
2016-08-05 21:34:40.391  INFO 4584 --- [localhost-startStop-1] o.s.b.c.e.ServletRegistrationBean        : Mapping servlet: 'dispatcherServlet' to [/]
2016-08-05 21:34:40.401  INFO 4584 --- [localhost-startStop-1] o.s.b.c.embedded.FilterRegistrationBean  : Mapping filter: 'metricFilter' to: [/*]
2016-08-05 21:34:40.402  INFO 4584 --- [localhost-startStop-1] o.s.b.c.embedded.FilterRegistrationBean  : Mapping filter: 'characterEncodingFilter' to: [/*]
2016-08-05 21:34:40.403  INFO 4584 --- [localhost-startStop-1] o.s.b.c.embedded.FilterRegistrationBean  : Mapping filter: 'hiddenHttpMethodFilter' to: [/*]
2016-08-05 21:34:40.404  INFO 4584 --- [localhost-startStop-1] o.s.b.c.embedded.FilterRegistrationBean  : Mapping filter: 'httpPutFormContentFilter' to: [/*]
2016-08-05 21:34:40.404  INFO 4584 --- [localhost-startStop-1] o.s.b.c.embedded.FilterRegistrationBean  : Mapping filter: 'requestContextFilter' to: [/*]
2016-08-05 21:34:40.405  INFO 4584 --- [localhost-startStop-1] o.s.b.c.embedded.FilterRegistrationBean  : Mapping filter: 'webRequestLoggingFilter' to: [/*]
2016-08-05 21:34:40.406  INFO 4584 --- [localhost-startStop-1] o.s.b.c.embedded.FilterRegistrationBean  : Mapping filter: 'applicationContextIdFilter' to: [/*]
2016-08-05 21:34:41.096  INFO 4584 --- [main] s.w.s.m.m.a.RequestMappingHandlerAdapter : Looking for @ControllerAdvice: org.springframework.boot.context.embedded.AnnotationConfigEmbeddedWebApplicationContext@3d0f8e03: startup date [Fri Aug 05 21:34:34 IST 2016]; root of context hierarchy
2016-08-05 21:34:41.131  INFO 4584 --- [main] s.w.s.m.m.a.RequestMappingHandlerAdapter : Detected ResponseBodyAdvice bean in org.springframework.boot.actuate.autoconfigure.EndpointWebMvcHypermediaManagementContextConfiguration$ActuatorEndpointLinksAdvice
2016-08-05 21:34:41.303  INFO 4584 --- [main] s.w.s.m.m.a.RequestMappingHandlerMapping : Mapped "{[/error]}" onto public org.springframework.http.ResponseEntity<java.util.Map<java.lang.String, java.lang.Object>> org.springframework.boot.autoconfigure.web.BasicErrorController.error(javax.servlet.http.HttpServletRequest)
2016-08-05 21:34:41.305  INFO 4584 --- [main] s.w.s.m.m.a.RequestMappingHandlerMapping : Mapped "{[/error],produces=[text/html]}" onto public org.springframework.web.servlet.ModelAndView org.springframework.boot.autoconfigure.web.BasicErrorController.errorHtml(javax.servlet.http.HttpServletRequest,javax.servlet.http.HttpServletResponse)
2016-08-05 21:34:41.425  INFO 4584 --- [main] o.s.w.s.handler.SimpleUrlHandlerMapping  : Mapped URL path [/webjars/**] onto handler of type [class org.springframework.web.servlet.resource.ResourceHttpRequestHandler]
2016-08-05 21:34:41.425  INFO 4584 --- [main] o.s.w.s.handler.SimpleUrlHandlerMapping  : Mapped URL path [/**] onto handler of type [class org.springframework.web.servlet.resource.ResourceHttpRequestHandler]
2016-08-05 21:34:41.466  INFO 4584 --- [main] .m.m.a.ExceptionHandlerExceptionResolver : Detected ResponseBodyAdvice implementation in org.springframework.boot.actuate.autoconfigure.EndpointWebMvcHypermediaManagementContextConfiguration$ActuatorEndpointLinksAdvice
2016-08-05 21:34:41.511  INFO 4584 --- [main] o.s.w.s.handler.SimpleUrlHandlerMapping  : Mapped URL path [/**/favicon.ico] onto handler of type [class org.springframework.web.servlet.resource.ResourceHttpRequestHandler]
2016-08-05 21:34:42.194  INFO 4584 --- [main] o.s.b.a.e.mvc.EndpointHandlerMapping     : Mapped "{[/health || /health.json],produces=[application/json]}" onto public java.lang.Object org.springframework.boot.actuate.endpoint.mvc.HealthMvcEndpoint.invoke(java.security.Principal)
2016-08-05 21:34:42.196  INFO 4584 --- [main] o.s.b.a.e.mvc.EndpointHandlerMapping     : Mapped "{[/actuator || /actuator.json],produces=[application/json]}" onto public org.springframework.hateoas.ResourceSupport org.springframework.boot.actuate.endpoint.mvc.HalJsonMvcEndpoint.links()
2016-08-05 21:34:42.197  INFO 4584 --- [main] o.s.b.a.e.mvc.EndpointHandlerMapping     : Mapped "{[/env/{name:.*}],methods=[GET],produces=[application/json]}" onto public java.lang.Object org.springframework.boot.actuate.endpoint.mvc.EnvironmentMvcEndpoint.value(java.lang.String)
2016-08-05 21:34:42.198  INFO 4584 --- [main] o.s.b.a.e.mvc.EndpointHandlerMapping     : Mapped "{[/env || /env.json],methods=[GET],produces=[application/json]}" onto public java.lang.Object org.springframework.boot.actuate.endpoint.mvc.EndpointMvcAdapter.invoke()
2016-08-05 21:34:42.200  INFO 4584 --- [main] o.s.b.a.e.mvc.EndpointHandlerMapping     : Mapped "{[/logfile || /logfile.json],methods=[GET || HEAD]}" onto public void org.springframework.boot.actuate.endpoint.mvc.LogFileMvcEndpoint.invoke(javax.servlet.http.HttpServletRequest,javax.servlet.http.HttpServletResponse) throws javax.servlet.ServletException,java.io.IOException
2016-08-05 21:34:42.202  INFO 4584 --- [main] o.s.b.a.e.mvc.EndpointHandlerMapping     : Mapped "{[/trace || /trace.json],methods=[GET],produces=[application/json]}" onto public java.lang.Object org.springframework.boot.actuate.endpoint.mvc.EndpointMvcAdapter.invoke()
2016-08-05 21:34:42.204  INFO 4584 --- [main] o.s.b.a.e.mvc.EndpointHandlerMapping     : Mapped "{[/dump || /dump.json],methods=[GET],produces=[application/json]}" onto public java.lang.Object org.springframework.boot.actuate.endpoint.mvc.EndpointMvcAdapter.invoke()
2016-08-05 21:34:42.210  INFO 4584 --- [main] o.s.b.a.e.mvc.EndpointHandlerMapping     : Mapped "{[/configprops || /configprops.json],methods=[GET],produces=[application/json]}" onto public java.lang.Object org.springframework.boot.actuate.endpoint.mvc.EndpointMvcAdapter.invoke()
2016-08-05 21:34:42.213  INFO 4584 --- [main] o.s.b.a.e.mvc.EndpointHandlerMapping     : Mapped "{[/metrics/{name:.*}],methods=[GET],produces=[application/json]}" onto public java.lang.Object org.springframework.boot.actuate.endpoint.mvc.MetricsMvcEndpoint.value(java.lang.String)
2016-08-05 21:34:42.213  INFO 4584 --- [main] o.s.b.a.e.mvc.EndpointHandlerMapping     : Mapped "{[/metrics || /metrics.json],methods=[GET],produces=[application/json]}" onto public java.lang.Object org.springframework.boot.actuate.endpoint.mvc.EndpointMvcAdapter.invoke()
2016-08-05 21:34:42.215  INFO 4584 --- [main] o.s.b.a.e.mvc.EndpointHandlerMapping     : Mapped "{[/shutdown || /shutdown.json],methods=[POST]}" onto public java.lang.Object org.springframework.boot.actuate.endpoint.mvc.ShutdownMvcEndpoint.invoke()
2016-08-05 21:34:42.217  INFO 4584 --- [main] o.s.b.a.e.mvc.EndpointHandlerMapping     : Mapped "{[/autoconfig || /autoconfig.json],methods=[GET],produces=[application/json]}" onto public java.lang.Object org.springframework.boot.actuate.endpoint.mvc.EndpointMvcAdapter.invoke()
2016-08-05 21:34:42.218  INFO 4584 --- [main] o.s.b.a.e.mvc.EndpointHandlerMapping     : Mapped "{[/beans || /beans.json],methods=[GET],produces=[application/json]}" onto public java.lang.Object org.springframework.boot.actuate.endpoint.mvc.EndpointMvcAdapter.invoke()
2016-08-05 21:34:42.220  INFO 4584 --- [main] o.s.b.a.e.mvc.EndpointHandlerMapping     : Mapped "{[/info || /info.json],methods=[GET],produces=[application/json]}" onto public java.lang.Object org.springframework.boot.actuate.endpoint.mvc.EndpointMvcAdapter.invoke()
2016-08-05 21:34:42.221  INFO 4584 --- [main] o.s.b.a.e.mvc.EndpointHandlerMapping     : Mapped "{[/mappings || /mappings.json],methods=[GET],produces=[application/json]}" onto public java.lang.Object org.springframework.boot.actuate.endpoint.mvc.EndpointMvcAdapter.invoke()
2016-08-05 21:34:42.408  INFO 4584 --- [main] o.s.j.e.a.AnnotationMBeanExporter        : Registering beans for JMX exposure on startup
2016-08-05 21:34:42.435  INFO 4584 --- [main] o.s.c.support.DefaultLifecycleProcessor  : Starting beans in phase 0
2016-08-05 21:34:42.822  INFO 4584 --- [main] s.b.c.e.t.TomcatEmbeddedServletContainer : Tomcat started on port(s): 8080 (http)
2016-08-05 21:34:42.832  INFO 4584 --- [main] spring.boot.Application                  : Started Application in 9.032 seconds (JVM running for 10.456)
2016-08-05 21:34:57.125  INFO 4584 --- [http-nio-8080-exec-1] o.a.c.c.C.[.[localhost].[/planets]       : Initializing Spring FrameworkServlet 'dispatcherServlet'
2016-08-05 21:34:57.127  INFO 4584 --- [http-nio-8080-exec-1] o.s.web.servlet.DispatcherServlet        : FrameworkServlet 'dispatcherServlet': initialization started
2016-08-05 21:34:57.168  INFO 4584 --- [http-nio-8080-exec-1] o.s.web.servlet.DispatcherServlet        : FrameworkServlet 'dispatcherServlet': initialization completed in 41 ms
2016-08-05 21:41:20.198  INFO 5204 --- [main] spring.boot.Application                  : Starting Application on varshika-netboo with PID 5204 (C:\Users\varshika\git\tutorials\boot-sample\target\classes started by varshika in C:\Users\varshika\git\tutorials\boot-sample)
2016-08-05 21:41:20.204  INFO 5204 --- [main] spring.boot.Application                  : No active profile set, falling back to default profiles: default
2016-08-05 21:41:20.320  INFO 5204 --- [main] ationConfigEmbeddedWebApplicationContext : Refreshing org.springframework.boot.context.embedded.AnnotationConfigEmbeddedWebApplicationContext@17baae6e: startup date [Fri Aug 05 21:41:20 IST 2016]; root of context hierarchy
2016-08-05 21:41:22.177  INFO 5204 --- [main] o.s.b.f.s.DefaultListableBeanFactory     : Overriding bean definition for bean 'beanNameViewResolver' with a different definition: replacing [Root bean: class [null]; scope=; abstract=false; lazyInit=false; autowireMode=3; dependencyCheck=0; autowireCandidate=true; primary=false; factoryBeanName=org.springframework.boot.autoconfigure.web.ErrorMvcAutoConfiguration$WhitelabelErrorViewConfiguration; factoryMethodName=beanNameViewResolver; initMethodName=null; destroyMethodName=(inferred); defined in class path resource [org/springframework/boot/autoconfigure/web/ErrorMvcAutoConfiguration$WhitelabelErrorViewConfiguration.class]] with [Root bean: class [null]; scope=; abstract=false; lazyInit=false; autowireMode=3; dependencyCheck=0; autowireCandidate=true; primary=false; factoryBeanName=org.springframework.boot.autoconfigure.web.WebMvcAutoConfiguration$WebMvcAutoConfigurationAdapter; factoryMethodName=beanNameViewResolver; initMethodName=null; destroyMethodName=(inferred); defined in class path resource [org/springframework/boot/autoconfigure/web/WebMvcAutoConfiguration$WebMvcAutoConfigurationAdapter.class]]
2016-08-05 21:41:22.368  INFO 5204 --- [main] o.s.b.f.s.DefaultListableBeanFactory     : Overriding bean definition for bean 'managementServletContext' with a different definition: replacing [Root bean: class [null]; scope=; abstract=false; lazyInit=false; autowireMode=3; dependencyCheck=0; autowireCandidate=true; primary=false; factoryBeanName=org.springframework.boot.actuate.autoconfigure.EndpointWebMvcHypermediaManagementContextConfiguration; factoryMethodName=managementServletContext; initMethodName=null; destroyMethodName=(inferred); defined in class path resource [org/springframework/boot/actuate/autoconfigure/EndpointWebMvcHypermediaManagementContextConfiguration.class]] with [Root bean: class [null]; scope=; abstract=false; lazyInit=false; autowireMode=3; dependencyCheck=0; autowireCandidate=true; primary=false; factoryBeanName=org.springframework.boot.actuate.autoconfigure.EndpointWebMvcAutoConfiguration; factoryMethodName=managementServletContext; initMethodName=null; destroyMethodName=(inferred); defined in class path resource [org/springframework/boot/actuate/autoconfigure/EndpointWebMvcAutoConfiguration.class]]
2016-08-05 21:41:24.286  INFO 5204 --- [main] s.b.c.e.t.TomcatEmbeddedServletContainer : Tomcat initialized with port(s): 8080 (http)
2016-08-05 21:41:24.317  INFO 5204 --- [main] o.apache.catalina.core.StandardService   : Starting service Tomcat
2016-08-05 21:41:24.319  INFO 5204 --- [main] org.apache.catalina.core.StandardEngine  : Starting Servlet Engine: Apache Tomcat/8.0.32
2016-08-05 21:41:24.534  INFO 5204 --- [localhost-startStop-1] o.a.c.c.C.[.[localhost].[/planets]       : Initializing Spring embedded WebApplicationContext
2016-08-05 21:41:24.535  INFO 5204 --- [localhost-startStop-1] o.s.web.context.ContextLoader            : Root WebApplicationContext: initialization completed in 4223 ms
2016-08-05 21:41:25.324  INFO 5204 --- [localhost-startStop-1] o.s.b.c.e.ServletRegistrationBean        : Mapping servlet: 'dispatcherServlet' to [/]
2016-08-05 21:41:25.332  INFO 5204 --- [localhost-startStop-1] o.s.b.c.embedded.FilterRegistrationBean  : Mapping filter: 'metricFilter' to: [/*]
2016-08-05 21:41:25.334  INFO 5204 --- [localhost-startStop-1] o.s.b.c.embedded.FilterRegistrationBean  : Mapping filter: 'characterEncodingFilter' to: [/*]
2016-08-05 21:41:25.335  INFO 5204 --- [localhost-startStop-1] o.s.b.c.embedded.FilterRegistrationBean  : Mapping filter: 'hiddenHttpMethodFilter' to: [/*]
2016-08-05 21:41:25.335  INFO 5204 --- [localhost-startStop-1] o.s.b.c.embedded.FilterRegistrationBean  : Mapping filter: 'httpPutFormContentFilter' to: [/*]
2016-08-05 21:41:25.335  INFO 5204 --- [localhost-startStop-1] o.s.b.c.embedded.FilterRegistrationBean  : Mapping filter: 'requestContextFilter' to: [/*]
2016-08-05 21:41:25.336  INFO 5204 --- [localhost-startStop-1] o.s.b.c.embedded.FilterRegistrationBean  : Mapping filter: 'webRequestLoggingFilter' to: [/*]
2016-08-05 21:41:25.337  INFO 5204 --- [localhost-startStop-1] o.s.b.c.embedded.FilterRegistrationBean  : Mapping filter: 'applicationContextIdFilter' to: [/*]
2016-08-05 21:41:26.024  INFO 5204 --- [main] s.w.s.m.m.a.RequestMappingHandlerAdapter : Looking for @ControllerAdvice: org.springframework.boot.context.embedded.AnnotationConfigEmbeddedWebApplicationContext@17baae6e: startup date [Fri Aug 05 21:41:20 IST 2016]; root of context hierarchy
2016-08-05 21:41:26.076  INFO 5204 --- [main] s.w.s.m.m.a.RequestMappingHandlerAdapter : Detected ResponseBodyAdvice bean in org.springframework.boot.actuate.autoconfigure.EndpointWebMvcHypermediaManagementContextConfiguration$ActuatorEndpointLinksAdvice
2016-08-05 21:41:26.235  INFO 5204 --- [main] s.w.s.m.m.a.RequestMappingHandlerMapping : Mapped "{[/error]}" onto public org.springframework.http.ResponseEntity<java.util.Map<java.lang.String, java.lang.Object>> org.springframework.boot.autoconfigure.web.BasicErrorController.error(javax.servlet.http.HttpServletRequest)
2016-08-05 21:41:26.237  INFO 5204 --- [main] s.w.s.m.m.a.RequestMappingHandlerMapping : Mapped "{[/error],produces=[text/html]}" onto public org.springframework.web.servlet.ModelAndView org.springframework.boot.autoconfigure.web.BasicErrorController.errorHtml(javax.servlet.http.HttpServletRequest,javax.servlet.http.HttpServletResponse)
2016-08-05 21:41:26.304  INFO 5204 --- [main] o.s.w.s.handler.SimpleUrlHandlerMapping  : Mapped URL path [/webjars/**] onto handler of type [class org.springframework.web.servlet.resource.ResourceHttpRequestHandler]
2016-08-05 21:41:26.305  INFO 5204 --- [main] o.s.w.s.handler.SimpleUrlHandlerMapping  : Mapped URL path [/**] onto handler of type [class org.springframework.web.servlet.resource.ResourceHttpRequestHandler]
2016-08-05 21:41:26.343  INFO 5204 --- [main] .m.m.a.ExceptionHandlerExceptionResolver : Detected ResponseBodyAdvice implementation in org.springframework.boot.actuate.autoconfigure.EndpointWebMvcHypermediaManagementContextConfiguration$ActuatorEndpointLinksAdvice
2016-08-05 21:41:26.389  INFO 5204 --- [main] o.s.w.s.handler.SimpleUrlHandlerMapping  : Mapped URL path [/**/favicon.ico] onto handler of type [class org.springframework.web.servlet.resource.ResourceHttpRequestHandler]
2016-08-05 21:41:26.867  INFO 5204 --- [main] o.a.c.c.C.[.[localhost].[/planets]       : jolokia: No access restrictor found, access to any MBean is allowed
2016-08-05 21:41:27.677  INFO 5204 --- [main] o.s.b.a.e.mvc.EndpointHandlerMapping     : Mapped "{[/env/{name:.*}],methods=[GET],produces=[application/json]}" onto public java.lang.Object org.springframework.boot.actuate.endpoint.mvc.EnvironmentMvcEndpoint.value(java.lang.String)
2016-08-05 21:41:27.678  INFO 5204 --- [main] o.s.b.a.e.mvc.EndpointHandlerMapping     : Mapped "{[/env || /env.json],methods=[GET],produces=[application/json]}" onto public java.lang.Object org.springframework.boot.actuate.endpoint.mvc.EndpointMvcAdapter.invoke()
2016-08-05 21:41:27.680  INFO 5204 --- [main] o.s.b.a.e.mvc.EndpointHandlerMapping     : Mapped "{[/mappings || /mappings.json],methods=[GET],produces=[application/json]}" onto public java.lang.Object org.springframework.boot.actuate.endpoint.mvc.EndpointMvcAdapter.invoke()
2016-08-05 21:41:27.682  INFO 5204 --- [main] o.s.b.a.e.mvc.EndpointHandlerMapping     : Mapped "{[/info || /info.json],methods=[GET],produces=[application/json]}" onto public java.lang.Object org.springframework.boot.actuate.endpoint.mvc.EndpointMvcAdapter.invoke()
2016-08-05 21:41:27.684  INFO 5204 --- [main] o.s.b.a.e.mvc.EndpointHandlerMapping     : Mapped "{[/actuator || /actuator.json],produces=[application/json]}" onto public org.springframework.hateoas.ResourceSupport org.springframework.boot.actuate.endpoint.mvc.HalJsonMvcEndpoint.links()
2016-08-05 21:41:27.687  INFO 5204 --- [main] o.s.b.a.e.mvc.EndpointHandlerMapping     : Mapped "{[/metrics/{name:.*}],methods=[GET],produces=[application/json]}" onto public java.lang.Object org.springframework.boot.actuate.endpoint.mvc.MetricsMvcEndpoint.value(java.lang.String)
2016-08-05 21:41:27.688  INFO 5204 --- [main] o.s.b.a.e.mvc.EndpointHandlerMapping     : Mapped "{[/metrics || /metrics.json],methods=[GET],produces=[application/json]}" onto public java.lang.Object org.springframework.boot.actuate.endpoint.mvc.EndpointMvcAdapter.invoke()
2016-08-05 21:41:27.694  INFO 5204 --- [main] o.s.b.a.e.mvc.EndpointHandlerMapping     : Mapped "{[/configprops || /configprops.json],methods=[GET],produces=[application/json]}" onto public java.lang.Object org.springframework.boot.actuate.endpoint.mvc.EndpointMvcAdapter.invoke()
2016-08-05 21:41:27.696  INFO 5204 --- [main] o.s.b.a.e.mvc.EndpointHandlerMapping     : Mapped "{[/beans || /beans.json],methods=[GET],produces=[application/json]}" onto public java.lang.Object org.springframework.boot.actuate.endpoint.mvc.EndpointMvcAdapter.invoke()
2016-08-05 21:41:27.697  INFO 5204 --- [main] o.s.b.a.e.mvc.EndpointHandlerMapping     : Mapped "{[/jolokia/**]}" onto public org.springframework.web.servlet.ModelAndView org.springframework.boot.actuate.endpoint.mvc.JolokiaMvcEndpoint.handle(javax.servlet.http.HttpServletRequest,javax.servlet.http.HttpServletResponse) throws java.lang.Exception
2016-08-05 21:41:27.699  INFO 5204 --- [main] o.s.b.a.e.mvc.EndpointHandlerMapping     : Mapped "{[/logfile || /logfile.json],methods=[GET || HEAD]}" onto public void org.springframework.boot.actuate.endpoint.mvc.LogFileMvcEndpoint.invoke(javax.servlet.http.HttpServletRequest,javax.servlet.http.HttpServletResponse) throws javax.servlet.ServletException,java.io.IOException
2016-08-05 21:41:27.701  INFO 5204 --- [main] o.s.b.a.e.mvc.EndpointHandlerMapping     : Mapped "{[/shutdown || /shutdown.json],methods=[POST]}" onto public java.lang.Object org.springframework.boot.actuate.endpoint.mvc.ShutdownMvcEndpoint.invoke()
2016-08-05 21:41:27.703  INFO 5204 --- [main] o.s.b.a.e.mvc.EndpointHandlerMapping     : Mapped "{[/trace || /trace.json],methods=[GET],produces=[application/json]}" onto public java.lang.Object org.springframework.boot.actuate.endpoint.mvc.EndpointMvcAdapter.invoke()
2016-08-05 21:41:27.705  INFO 5204 --- [main] o.s.b.a.e.mvc.EndpointHandlerMapping     : Mapped "{[/health || /health.json],produces=[application/json]}" onto public java.lang.Object org.springframework.boot.actuate.endpoint.mvc.HealthMvcEndpoint.invoke(java.security.Principal)
2016-08-05 21:41:27.706  INFO 5204 --- [main] o.s.b.a.e.mvc.EndpointHandlerMapping     : Mapped "{[/autoconfig || /autoconfig.json],methods=[GET],produces=[application/json]}" onto public java.lang.Object org.springframework.boot.actuate.endpoint.mvc.EndpointMvcAdapter.invoke()
2016-08-05 21:41:27.708  INFO 5204 --- [main] o.s.b.a.e.mvc.EndpointHandlerMapping     : Mapped "{[/dump || /dump.json],methods=[GET],produces=[application/json]}" onto public java.lang.Object org.springframework.boot.actuate.endpoint.mvc.EndpointMvcAdapter.invoke()
2016-08-05 21:41:27.955  INFO 5204 --- [main] o.s.j.e.a.AnnotationMBeanExporter        : Registering beans for JMX exposure on startup
2016-08-05 21:41:27.981  INFO 5204 --- [main] o.s.c.support.DefaultLifecycleProcessor  : Starting beans in phase 0
2016-08-05 21:41:28.357  INFO 5204 --- [main] s.b.c.e.t.TomcatEmbeddedServletContainer : Tomcat started on port(s): 8080 (http)
2016-08-05 21:41:28.367  INFO 5204 --- [main] spring.boot.Application                  : Started Application in 9.029 seconds (JVM running for 10.352)
2016-08-05 21:42:11.222  INFO 5204 --- [http-nio-8080-exec-1] o.a.c.c.C.[.[localhost].[/planets]       : Initializing Spring FrameworkServlet 'dispatcherServlet'
2016-08-05 21:42:11.223  INFO 5204 --- [http-nio-8080-exec-1] o.s.web.servlet.DispatcherServlet        : FrameworkServlet 'dispatcherServlet': initialization started
2016-08-05 21:42:11.277  INFO 5204 --- [http-nio-8080-exec-1] o.s.web.servlet.DispatcherServlet        : FrameworkServlet 'dispatcherServlet': initialization completed in 53 ms
